<?xml version="1.0" encoding="UTF-8"?>
<!-- Generated by org.testng.reporters.JUnitReportReporter -->
<testsuite hostname="DESKTOP-J2AUBS3" name="testy.NewTest" tests="1" failures="0" timestamp="14 Apr 2016 12:12:39 GMT" time="0.018" errors="0">
  <testcase name="beforeMethod" time="0.018" classname="testy.NewTest"/>
</testsuite> <!-- testy.NewTest -->
