<?xml version="1.0" encoding="UTF-8"?>
<!-- Generated by org.testng.reporters.JUnitReportReporter -->
<testsuite hostname="DESKTOP-J2AUBS3" name="testy.DependsOn" tests="3" failures="0" timestamp="18 Apr 2016 06:54:02 GMT" time="0.023" errors="0">
  <testcase name="first" time="0.020" classname="testy.DependsOn"/>
  <testcase name="third" time="0.002" classname="testy.DependsOn"/>
  <testcase name="second" time="0.001" classname="testy.DependsOn"/>
</testsuite> <!-- testy.DependsOn -->
